Performing C++ SOURCE FILE Test STXXL_HAVE_LINUXAIO_FILE failed with the following output:
Change Dir: /Users/eason/Documents/Uni/MasterWI/Masterarbeit/stxxl/build/CMakeFiles/CMakeTmp

Run Build Command:"/usr/bin/make" "cmTC_32a3d/fast"
/Applications/Xcode.app/Contents/Developer/usr/bin/make -f CMakeFiles/cmTC_32a3d.dir/build.make CMakeFiles/cmTC_32a3d.dir/build
Building CXX object CMakeFiles/cmTC_32a3d.dir/src.cxx.o
/opt/local/bin/g++-mp-5    -W -Wall -pedantic -Wno-long-long -Wextra -ftemplate-depth=1024 -std=c++11 -DSTXXL_HAVE_LINUXAIO_FILE   -o CMakeFiles/cmTC_32a3d.dir/src.cxx.o -c /Users/eason/Documents/Uni/MasterWI/Masterarbeit/stxxl/build/CMakeFiles/CMakeTmp/src.cxx
/Users/eason/Documents/Uni/MasterWI/Masterarbeit/stxxl/build/CMakeFiles/CMakeTmp/src.cxx:3:30: fatal error: linux/aio_abi.h: No such file or directory
compilation terminated.
make[1]: *** [CMakeFiles/cmTC_32a3d.dir/src.cxx.o] Error 1
make: *** [cmTC_32a3d/fast] Error 2

Source file was:
#include <unistd.h>
   #include <sys/syscall.h>
   #include <linux/aio_abi.h>
   int main() {
       aio_context_t context;
       long r = syscall(SYS_io_setup, 5, &context);
       return (r == 0) ? 0 : -1;
   }
Determining if the mallinfo exist failed with the following output:
Change Dir: /Users/eason/Documents/Uni/MasterWI/Masterarbeit/stxxl/build/CMakeFiles/CMakeTmp

Run Build Command:"/usr/bin/make" "cmTC_62bce/fast"
/Applications/Xcode.app/Contents/Developer/usr/bin/make -f CMakeFiles/cmTC_62bce.dir/build.make CMakeFiles/cmTC_62bce.dir/build
Building C object CMakeFiles/cmTC_62bce.dir/CheckSymbolExists.c.o
/opt/local/bin/gcc-mp-5   -fopenmp    -o CMakeFiles/cmTC_62bce.dir/CheckSymbolExists.c.o   -c /Users/eason/Documents/Uni/MasterWI/Masterarbeit/stxxl/build/CMakeFiles/CMakeTmp/CheckSymbolExists.c
/Users/eason/Documents/Uni/MasterWI/Masterarbeit/stxxl/build/CMakeFiles/CMakeTmp/CheckSymbolExists.c:2:20: fatal error: malloc.h: No such file or directory
compilation terminated.
make[1]: *** [CMakeFiles/cmTC_62bce.dir/CheckSymbolExists.c.o] Error 1
make: *** [cmTC_62bce/fast] Error 2

File /Users/eason/Documents/Uni/MasterWI/Masterarbeit/stxxl/build/CMakeFiles/CMakeTmp/CheckSymbolExists.c:
/* */
#include <malloc.h>

int main(int argc, char** argv)
{
  (void)argv;
#ifndef mallinfo
  return ((int*)(&mallinfo))[argc];
#else
  (void)argc;
  return 0;
#endif
}

