The system is: Darwin - 16.6.0 - x86_64
Compiling the C compiler identification source file "CMakeCCompilerId.c" succeeded.
Compiler: /opt/local/bin/gcc-mp-5 
Build flags: 
Id flags:  

The output was:
0


Compilation of the C compiler identification source "CMakeCCompilerId.c" produced "a.out"

The C compiler identification is GNU, found in "/Users/eason/Documents/Uni/MasterWI/Masterarbeit/stxxl/build/CMakeFiles/3.8.2/CompilerIdC/a.out"

Compiling the CXX compiler identification source file "CMakeCXXCompilerId.cpp" succeeded.
Compiler: /opt/local/bin/g++-mp-5 
Build flags: 
Id flags:  

The output was:
0


Compilation of the CXX compiler identification source "CMakeCXXCompilerId.cpp" produced "a.out"

The CXX compiler identification is GNU, found in "/Users/eason/Documents/Uni/MasterWI/Masterarbeit/stxxl/build/CMakeFiles/3.8.2/CompilerIdCXX/a.out"

Determining if the C compiler works passed with the following output:
Change Dir: /Users/eason/Documents/Uni/MasterWI/Masterarbeit/stxxl/build/CMakeFiles/CMakeTmp

Run Build Command:"/usr/bin/make" "cmTC_998f2/fast"
/Applications/Xcode.app/Contents/Developer/usr/bin/make -f CMakeFiles/cmTC_998f2.dir/build.make CMakeFiles/cmTC_998f2.dir/build
Building C object CMakeFiles/cmTC_998f2.dir/testCCompiler.c.o
/opt/local/bin/gcc-mp-5    -o CMakeFiles/cmTC_998f2.dir/testCCompiler.c.o   -c /Users/eason/Documents/Uni/MasterWI/Masterarbeit/stxxl/build/CMakeFiles/CMakeTmp/testCCompiler.c
Linking C executable cmTC_998f2
/Applications/CMake.app/Contents/bin/cmake -E cmake_link_script CMakeFiles/cmTC_998f2.dir/link.txt --verbose=1
/opt/local/bin/gcc-mp-5   -Wl,-search_paths_first -Wl,-headerpad_max_install_names   CMakeFiles/cmTC_998f2.dir/testCCompiler.c.o  -o cmTC_998f2 


Detecting C compiler ABI info compiled with the following output:
Change Dir: /Users/eason/Documents/Uni/MasterWI/Masterarbeit/stxxl/build/CMakeFiles/CMakeTmp

Run Build Command:"/usr/bin/make" "cmTC_98c6a/fast"
/Applications/Xcode.app/Contents/Developer/usr/bin/make -f CMakeFiles/cmTC_98c6a.dir/build.make CMakeFiles/cmTC_98c6a.dir/build
Building C object CMakeFiles/cmTC_98c6a.dir/CMakeCCompilerABI.c.o
/opt/local/bin/gcc-mp-5    -o CMakeFiles/cmTC_98c6a.dir/CMakeCCompilerABI.c.o   -c /Applications/CMake.app/Contents/share/cmake-3.8/Modules/CMakeCCompilerABI.c
Linking C executable cmTC_98c6a
/Applications/CMake.app/Contents/bin/cmake -E cmake_link_script CMakeFiles/cmTC_98c6a.dir/link.txt --verbose=1
/opt/local/bin/gcc-mp-5   -Wl,-search_paths_first -Wl,-headerpad_max_install_names  -v -Wl,-v CMakeFiles/cmTC_98c6a.dir/CMakeCCompilerABI.c.o  -o cmTC_98c6a 
Using built-in specs.
COLLECT_GCC=/opt/local/bin/gcc-mp-5
COLLECT_LTO_WRAPPER=/opt/local/libexec/gcc/x86_64-apple-darwin16/5.4.0/lto-wrapper
Target: x86_64-apple-darwin16
Configured with: /opt/local/var/macports/build/_opt_bblocal_var_buildworker_ports_build_ports_lang_gcc5/gcc5/work/gcc-5.4.0/configure --prefix=/opt/local --build=x86_64-apple-darwin16 --enable-languages=c,c++,objc,obj-c++,lto,fortran,java --libdir=/opt/local/lib/gcc5 --includedir=/opt/local/include/gcc5 --infodir=/opt/local/share/info --mandir=/opt/local/share/man --datarootdir=/opt/local/share/gcc-5 --with-local-prefix=/opt/local --with-system-zlib --disable-nls --program-suffix=-mp-5 --with-gxx-include-dir=/opt/local/include/gcc5/c++/ --with-gmp=/opt/local --with-mpfr=/opt/local --with-mpc=/opt/local --with-isl=/opt/local --enable-stage1-checking --disable-multilib --enable-lto --enable-libstdcxx-time --with-build-config=bootstrap-debug --with-as=/opt/local/bin/as --with-ld=/opt/local/bin/ld --with-ar=/opt/local/bin/ar --with-bugurl=https://trac.macports.org/newticket --with-pkgversion='MacPorts gcc5 5.4.0_1'
Thread model: posix
gcc version 5.4.0 (MacPorts gcc5 5.4.0_1) 
COMPILER_PATH=/opt/local/libexec/gcc/x86_64-apple-darwin16/5.4.0/:/opt/local/libexec/gcc/x86_64-apple-darwin16/5.4.0/:/opt/local/libexec/gcc/x86_64-apple-darwin16/:/opt/local/lib/gcc5/gcc/x86_64-apple-darwin16/5.4.0/:/opt/local/lib/gcc5/gcc/x86_64-apple-darwin16/
LIBRARY_PATH=/opt/local/lib/gcc5/gcc/x86_64-apple-darwin16/5.4.0/:/opt/local/lib/gcc5/gcc/x86_64-apple-darwin16/5.4.0/../../../:/usr/lib/
COLLECT_GCC_OPTIONS='-mmacosx-version-min=10.12.6' '-v' '-o' 'cmTC_98c6a' '-mtune=core2'
 /opt/local/libexec/gcc/x86_64-apple-darwin16/5.4.0/collect2 -dynamic -arch x86_64 -macosx_version_min 10.12.6 -weak_reference_mismatches non-weak -o cmTC_98c6a -L/opt/local/lib/gcc5/gcc/x86_64-apple-darwin16/5.4.0 -L/opt/local/lib/gcc5/gcc/x86_64-apple-darwin16/5.4.0/../../.. -search_paths_first -headerpad_max_install_names -v CMakeFiles/cmTC_98c6a.dir/CMakeCCompilerABI.c.o -no_compact_unwind -lSystem -lgcc_ext.10.5 -lgcc -lSystem -v
collect2 version 5.4.0
/opt/local/bin/ld -dynamic -arch x86_64 -macosx_version_min 10.12.6 -weak_reference_mismatches non-weak -o cmTC_98c6a -L/opt/local/lib/gcc5/gcc/x86_64-apple-darwin16/5.4.0 -L/opt/local/lib/gcc5/gcc/x86_64-apple-darwin16/5.4.0/../../.. -search_paths_first -headerpad_max_install_names -v CMakeFiles/cmTC_98c6a.dir/CMakeCCompilerABI.c.o -no_compact_unwind -lSystem -lgcc_ext.10.5 -lgcc -lSystem -v
@(#)PROGRAM:ld  PROJECT:ld64-274.2
configured to support archs: i386 x86_64 x86_64h armv6 armv7 armv7s armv7m armv7k arm64 (tvOS)
@(#)PROGRAM:ld  PROJECT:ld64-274.2
configured to support archs: i386 x86_64 x86_64h armv6 armv7 armv7s armv7m armv7k arm64 (tvOS)
Library search paths:
	/opt/local/lib/gcc5/gcc/x86_64-apple-darwin16/5.4.0
	/opt/local/lib/gcc5
	/usr/lib
	/usr/local/lib
Framework search paths:
	/Library/Frameworks/
	/System/Library/Frameworks/
 /usr/bin/nm -n CMakeFiles/cmTC_98c6a.dir/CMakeCCompilerABI.c.o


Parsed C implicit link information from above output:
  link line regex: [^( *|.*[/\])(ld|([^/\]+-)?ld|collect2)[^/\]*( |$)]
  ignore line: [Change Dir: /Users/eason/Documents/Uni/MasterWI/Masterarbeit/stxxl/build/CMakeFiles/CMakeTmp]
  ignore line: []
  ignore line: [Run Build Command:"/usr/bin/make" "cmTC_98c6a/fast"]
  ignore line: [/Applications/Xcode.app/Contents/Developer/usr/bin/make -f CMakeFiles/cmTC_98c6a.dir/build.make CMakeFiles/cmTC_98c6a.dir/build]
  ignore line: [Building C object CMakeFiles/cmTC_98c6a.dir/CMakeCCompilerABI.c.o]
  ignore line: [/opt/local/bin/gcc-mp-5    -o CMakeFiles/cmTC_98c6a.dir/CMakeCCompilerABI.c.o   -c /Applications/CMake.app/Contents/share/cmake-3.8/Modules/CMakeCCompilerABI.c]
  ignore line: [Linking C executable cmTC_98c6a]
  ignore line: [/Applications/CMake.app/Contents/bin/cmake -E cmake_link_script CMakeFiles/cmTC_98c6a.dir/link.txt --verbose=1]
  ignore line: [/opt/local/bin/gcc-mp-5   -Wl,-search_paths_first -Wl,-headerpad_max_install_names  -v -Wl,-v CMakeFiles/cmTC_98c6a.dir/CMakeCCompilerABI.c.o  -o cmTC_98c6a ]
  ignore line: [Using built-in specs.]
  ignore line: [COLLECT_GCC=/opt/local/bin/gcc-mp-5]
  ignore line: [COLLECT_LTO_WRAPPER=/opt/local/libexec/gcc/x86_64-apple-darwin16/5.4.0/lto-wrapper]
  ignore line: [Target: x86_64-apple-darwin16]
  ignore line: [Configured with: /opt/local/var/macports/build/_opt_bblocal_var_buildworker_ports_build_ports_lang_gcc5/gcc5/work/gcc-5.4.0/configure --prefix=/opt/local --build=x86_64-apple-darwin16 --enable-languages=c,c++,objc,obj-c++,lto,fortran,java --libdir=/opt/local/lib/gcc5 --includedir=/opt/local/include/gcc5 --infodir=/opt/local/share/info --mandir=/opt/local/share/man --datarootdir=/opt/local/share/gcc-5 --with-local-prefix=/opt/local --with-system-zlib --disable-nls --program-suffix=-mp-5 --with-gxx-include-dir=/opt/local/include/gcc5/c++/ --with-gmp=/opt/local --with-mpfr=/opt/local --with-mpc=/opt/local --with-isl=/opt/local --enable-stage1-checking --disable-multilib --enable-lto --enable-libstdcxx-time --with-build-config=bootstrap-debug --with-as=/opt/local/bin/as --with-ld=/opt/local/bin/ld --with-ar=/opt/local/bin/ar --with-bugurl=https://trac.macports.org/newticket --with-pkgversion='MacPorts gcc5 5.4.0_1']
  ignore line: [Thread model: posix]
  ignore line: [gcc version 5.4.0 (MacPorts gcc5 5.4.0_1) ]
  ignore line: [COMPILER_PATH=/opt/local/libexec/gcc/x86_64-apple-darwin16/5.4.0/:/opt/local/libexec/gcc/x86_64-apple-darwin16/5.4.0/:/opt/local/libexec/gcc/x86_64-apple-darwin16/:/opt/local/lib/gcc5/gcc/x86_64-apple-darwin16/5.4.0/:/opt/local/lib/gcc5/gcc/x86_64-apple-darwin16/]
  ignore line: [LIBRARY_PATH=/opt/local/lib/gcc5/gcc/x86_64-apple-darwin16/5.4.0/:/opt/local/lib/gcc5/gcc/x86_64-apple-darwin16/5.4.0/../../../:/usr/lib/]
  ignore line: [COLLECT_GCC_OPTIONS='-mmacosx-version-min=10.12.6' '-v' '-o' 'cmTC_98c6a' '-mtune=core2']
  link line: [ /opt/local/libexec/gcc/x86_64-apple-darwin16/5.4.0/collect2 -dynamic -arch x86_64 -macosx_version_min 10.12.6 -weak_reference_mismatches non-weak -o cmTC_98c6a -L/opt/local/lib/gcc5/gcc/x86_64-apple-darwin16/5.4.0 -L/opt/local/lib/gcc5/gcc/x86_64-apple-darwin16/5.4.0/../../.. -search_paths_first -headerpad_max_install_names -v CMakeFiles/cmTC_98c6a.dir/CMakeCCompilerABI.c.o -no_compact_unwind -lSystem -lgcc_ext.10.5 -lgcc -lSystem -v]
    arg [/opt/local/libexec/gcc/x86_64-apple-darwin16/5.4.0/collect2] ==> ignore
    arg [-dynamic] ==> ignore
    arg [-arch] ==> ignore
    arg [x86_64] ==> ignore
    arg [-macosx_version_min] ==> ignore
    arg [10.12.6] ==> ignore
    arg [-weak_reference_mismatches] ==> ignore
    arg [non-weak] ==> ignore
    arg [-o] ==> ignore
    arg [cmTC_98c6a] ==> ignore
    arg [-L/opt/local/lib/gcc5/gcc/x86_64-apple-darwin16/5.4.0] ==> dir [/opt/local/lib/gcc5/gcc/x86_64-apple-darwin16/5.4.0]
    arg [-L/opt/local/lib/gcc5/gcc/x86_64-apple-darwin16/5.4.0/../../..] ==> dir [/opt/local/lib/gcc5/gcc/x86_64-apple-darwin16/5.4.0/../../..]
    arg [-search_paths_first] ==> ignore
    arg [-headerpad_max_install_names] ==> ignore
    arg [-v] ==> ignore
    arg [CMakeFiles/cmTC_98c6a.dir/CMakeCCompilerABI.c.o] ==> ignore
    arg [-no_compact_unwind] ==> ignore
    arg [-lSystem] ==> lib [System]
    arg [-lgcc_ext.10.5] ==> lib [gcc_ext.10.5]
    arg [-lgcc] ==> lib [gcc]
    arg [-lSystem] ==> lib [System]
    arg [-v] ==> ignore
  Library search paths: [;/opt/local/lib/gcc5/gcc/x86_64-apple-darwin16/5.4.0;/opt/local/lib/gcc5;/usr/lib;/usr/local/lib]
  Framework search paths: [;/Library/Frameworks/;/System/Library/Frameworks/]
  remove lib [System]
  remove lib [gcc_ext.10.5]
  remove lib [gcc]
  remove lib [System]
  collapse library dir [/opt/local/lib/gcc5/gcc/x86_64-apple-darwin16/5.4.0] ==> [/opt/local/lib/gcc5/gcc/x86_64-apple-darwin16/5.4.0]
  collapse library dir [/opt/local/lib/gcc5/gcc/x86_64-apple-darwin16/5.4.0/../../..] ==> [/opt/local/lib/gcc5]
  collapse library dir [/opt/local/lib/gcc5/gcc/x86_64-apple-darwin16/5.4.0] ==> [/opt/local/lib/gcc5/gcc/x86_64-apple-darwin16/5.4.0]
  collapse library dir [/opt/local/lib/gcc5] ==> [/opt/local/lib/gcc5]
  collapse library dir [/usr/lib] ==> [/usr/lib]
  collapse library dir [/usr/local/lib] ==> [/usr/local/lib]
  collapse framework dir [/Library/Frameworks/] ==> [/Library/Frameworks]
  collapse framework dir [/System/Library/Frameworks/] ==> [/System/Library/Frameworks]
  implicit libs: []
  implicit dirs: [/opt/local/lib/gcc5/gcc/x86_64-apple-darwin16/5.4.0;/opt/local/lib/gcc5;/usr/lib;/usr/local/lib]
  implicit fwks: [/Library/Frameworks;/System/Library/Frameworks]




Detecting C [-std=c11] compiler features compiled with the following output:
Change Dir: /Users/eason/Documents/Uni/MasterWI/Masterarbeit/stxxl/build/CMakeFiles/CMakeTmp

Run Build Command:"/usr/bin/make" "cmTC_b2535/fast"
/Applications/Xcode.app/Contents/Developer/usr/bin/make -f CMakeFiles/cmTC_b2535.dir/build.make CMakeFiles/cmTC_b2535.dir/build
Building C object CMakeFiles/cmTC_b2535.dir/feature_tests.c.o
/opt/local/bin/gcc-mp-5   -std=c11 -o CMakeFiles/cmTC_b2535.dir/feature_tests.c.o   -c /Users/eason/Documents/Uni/MasterWI/Masterarbeit/stxxl/build/CMakeFiles/feature_tests.c
Linking C executable cmTC_b2535
/Applications/CMake.app/Contents/bin/cmake -E cmake_link_script CMakeFiles/cmTC_b2535.dir/link.txt --verbose=1
/opt/local/bin/gcc-mp-5   -Wl,-search_paths_first -Wl,-headerpad_max_install_names   CMakeFiles/cmTC_b2535.dir/feature_tests.c.o  -o cmTC_b2535 


    Feature record: C_FEATURE:1c_function_prototypes
    Feature record: C_FEATURE:1c_restrict
    Feature record: C_FEATURE:1c_static_assert
    Feature record: C_FEATURE:1c_variadic_macros


Detecting C [-std=c99] compiler features compiled with the following output:
Change Dir: /Users/eason/Documents/Uni/MasterWI/Masterarbeit/stxxl/build/CMakeFiles/CMakeTmp

Run Build Command:"/usr/bin/make" "cmTC_96d5a/fast"
/Applications/Xcode.app/Contents/Developer/usr/bin/make -f CMakeFiles/cmTC_96d5a.dir/build.make CMakeFiles/cmTC_96d5a.dir/build
Building C object CMakeFiles/cmTC_96d5a.dir/feature_tests.c.o
/opt/local/bin/gcc-mp-5   -std=c99 -o CMakeFiles/cmTC_96d5a.dir/feature_tests.c.o   -c /Users/eason/Documents/Uni/MasterWI/Masterarbeit/stxxl/build/CMakeFiles/feature_tests.c
Linking C executable cmTC_96d5a
/Applications/CMake.app/Contents/bin/cmake -E cmake_link_script CMakeFiles/cmTC_96d5a.dir/link.txt --verbose=1
/opt/local/bin/gcc-mp-5   -Wl,-search_paths_first -Wl,-headerpad_max_install_names   CMakeFiles/cmTC_96d5a.dir/feature_tests.c.o  -o cmTC_96d5a 


    Feature record: C_FEATURE:1c_function_prototypes
    Feature record: C_FEATURE:1c_restrict
    Feature record: C_FEATURE:0c_static_assert
    Feature record: C_FEATURE:1c_variadic_macros


Detecting C [-std=c90] compiler features compiled with the following output:
Change Dir: /Users/eason/Documents/Uni/MasterWI/Masterarbeit/stxxl/build/CMakeFiles/CMakeTmp

Run Build Command:"/usr/bin/make" "cmTC_6aae8/fast"
/Applications/Xcode.app/Contents/Developer/usr/bin/make -f CMakeFiles/cmTC_6aae8.dir/build.make CMakeFiles/cmTC_6aae8.dir/build
Building C object CMakeFiles/cmTC_6aae8.dir/feature_tests.c.o
/opt/local/bin/gcc-mp-5   -std=c90 -o CMakeFiles/cmTC_6aae8.dir/feature_tests.c.o   -c /Users/eason/Documents/Uni/MasterWI/Masterarbeit/stxxl/build/CMakeFiles/feature_tests.c
Linking C executable cmTC_6aae8
/Applications/CMake.app/Contents/bin/cmake -E cmake_link_script CMakeFiles/cmTC_6aae8.dir/link.txt --verbose=1
/opt/local/bin/gcc-mp-5   -Wl,-search_paths_first -Wl,-headerpad_max_install_names   CMakeFiles/cmTC_6aae8.dir/feature_tests.c.o  -o cmTC_6aae8 


    Feature record: C_FEATURE:1c_function_prototypes
    Feature record: C_FEATURE:0c_restrict
    Feature record: C_FEATURE:0c_static_assert
    Feature record: C_FEATURE:0c_variadic_macros
Determining if the CXX compiler works passed with the following output:
Change Dir: /Users/eason/Documents/Uni/MasterWI/Masterarbeit/stxxl/build/CMakeFiles/CMakeTmp

Run Build Command:"/usr/bin/make" "cmTC_f8851/fast"
/Applications/Xcode.app/Contents/Developer/usr/bin/make -f CMakeFiles/cmTC_f8851.dir/build.make CMakeFiles/cmTC_f8851.dir/build
Building CXX object CMakeFiles/cmTC_f8851.dir/testCXXCompiler.cxx.o
/opt/local/bin/g++-mp-5     -o CMakeFiles/cmTC_f8851.dir/testCXXCompiler.cxx.o -c /Users/eason/Documents/Uni/MasterWI/Masterarbeit/stxxl/build/CMakeFiles/CMakeTmp/testCXXCompiler.cxx
Linking CXX executable cmTC_f8851
/Applications/CMake.app/Contents/bin/cmake -E cmake_link_script CMakeFiles/cmTC_f8851.dir/link.txt --verbose=1
/opt/local/bin/g++-mp-5    -Wl,-search_paths_first -Wl,-headerpad_max_install_names   CMakeFiles/cmTC_f8851.dir/testCXXCompiler.cxx.o  -o cmTC_f8851 


Detecting CXX compiler ABI info compiled with the following output:
Change Dir: /Users/eason/Documents/Uni/MasterWI/Masterarbeit/stxxl/build/CMakeFiles/CMakeTmp

Run Build Command:"/usr/bin/make" "cmTC_9fa35/fast"
/Applications/Xcode.app/Contents/Developer/usr/bin/make -f CMakeFiles/cmTC_9fa35.dir/build.make CMakeFiles/cmTC_9fa35.dir/build
Building CXX object CMakeFiles/cmTC_9fa35.dir/CMakeCXXCompilerABI.cpp.o
/opt/local/bin/g++-mp-5     -o CMakeFiles/cmTC_9fa35.dir/CMakeCXXCompilerABI.cpp.o -c /Applications/CMake.app/Contents/share/cmake-3.8/Modules/CMakeCXXCompilerABI.cpp
Linking CXX executable cmTC_9fa35
/Applications/CMake.app/Contents/bin/cmake -E cmake_link_script CMakeFiles/cmTC_9fa35.dir/link.txt --verbose=1
/opt/local/bin/g++-mp-5    -Wl,-search_paths_first -Wl,-headerpad_max_install_names  -v -Wl,-v CMakeFiles/cmTC_9fa35.dir/CMakeCXXCompilerABI.cpp.o  -o cmTC_9fa35 
Using built-in specs.
COLLECT_GCC=/opt/local/bin/g++-mp-5
COLLECT_LTO_WRAPPER=/opt/local/libexec/gcc/x86_64-apple-darwin16/5.4.0/lto-wrapper
Target: x86_64-apple-darwin16
Configured with: /opt/local/var/macports/build/_opt_bblocal_var_buildworker_ports_build_ports_lang_gcc5/gcc5/work/gcc-5.4.0/configure --prefix=/opt/local --build=x86_64-apple-darwin16 --enable-languages=c,c++,objc,obj-c++,lto,fortran,java --libdir=/opt/local/lib/gcc5 --includedir=/opt/local/include/gcc5 --infodir=/opt/local/share/info --mandir=/opt/local/share/man --datarootdir=/opt/local/share/gcc-5 --with-local-prefix=/opt/local --with-system-zlib --disable-nls --program-suffix=-mp-5 --with-gxx-include-dir=/opt/local/include/gcc5/c++/ --with-gmp=/opt/local --with-mpfr=/opt/local --with-mpc=/opt/local --with-isl=/opt/local --enable-stage1-checking --disable-multilib --enable-lto --enable-libstdcxx-time --with-build-config=bootstrap-debug --with-as=/opt/local/bin/as --with-ld=/opt/local/bin/ld --with-ar=/opt/local/bin/ar --with-bugurl=https://trac.macports.org/newticket --with-pkgversion='MacPorts gcc5 5.4.0_1'
Thread model: posix
gcc version 5.4.0 (MacPorts gcc5 5.4.0_1) 
COMPILER_PATH=/opt/local/libexec/gcc/x86_64-apple-darwin16/5.4.0/:/opt/local/libexec/gcc/x86_64-apple-darwin16/5.4.0/:/opt/local/libexec/gcc/x86_64-apple-darwin16/:/opt/local/lib/gcc5/gcc/x86_64-apple-darwin16/5.4.0/:/opt/local/lib/gcc5/gcc/x86_64-apple-darwin16/
LIBRARY_PATH=/opt/local/lib/gcc5/gcc/x86_64-apple-darwin16/5.4.0/:/opt/local/lib/gcc5/gcc/x86_64-apple-darwin16/5.4.0/../../../:/usr/lib/
COLLECT_GCC_OPTIONS='-mmacosx-version-min=10.12.6' '-v' '-o' 'cmTC_9fa35' '-shared-libgcc' '-mtune=core2'
 /opt/local/libexec/gcc/x86_64-apple-darwin16/5.4.0/collect2 -dynamic -arch x86_64 -macosx_version_min 10.12.6 -weak_reference_mismatches non-weak -o cmTC_9fa35 -L/opt/local/lib/gcc5/gcc/x86_64-apple-darwin16/5.4.0 -L/opt/local/lib/gcc5/gcc/x86_64-apple-darwin16/5.4.0/../../.. -search_paths_first -headerpad_max_install_names -v CMakeFiles/cmTC_9fa35.dir/CMakeCXXCompilerABI.cpp.o -lstdc++ -no_compact_unwind -lSystem -lgcc_ext.10.5 -lgcc -lSystem -v
collect2 version 5.4.0
/opt/local/bin/ld -dynamic -arch x86_64 -macosx_version_min 10.12.6 -weak_reference_mismatches non-weak -o cmTC_9fa35 -L/opt/local/lib/gcc5/gcc/x86_64-apple-darwin16/5.4.0 -L/opt/local/lib/gcc5/gcc/x86_64-apple-darwin16/5.4.0/../../.. -search_paths_first -headerpad_max_install_names -v CMakeFiles/cmTC_9fa35.dir/CMakeCXXCompilerABI.cpp.o -lstdc++ -no_compact_unwind -lSystem -lgcc_ext.10.5 -lgcc -lSystem -v
@(#)PROGRAM:ld  PROJECT:ld64-274.2
configured to support archs: i386 x86_64 x86_64h armv6 armv7 armv7s armv7m armv7k arm64 (tvOS)
@(#)PROGRAM:ld  PROJECT:ld64-274.2
configured to support archs: i386 x86_64 x86_64h armv6 armv7 armv7s armv7m armv7k arm64 (tvOS)
Library search paths:
	/opt/local/lib/gcc5/gcc/x86_64-apple-darwin16/5.4.0
	/opt/local/lib/gcc5
	/usr/lib
	/usr/local/lib
Framework search paths:
	/Library/Frameworks/
	/System/Library/Frameworks/
 /usr/bin/nm -n CMakeFiles/cmTC_9fa35.dir/CMakeCXXCompilerABI.cpp.o


Parsed CXX implicit link information from above output:
  link line regex: [^( *|.*[/\])(ld|([^/\]+-)?ld|collect2)[^/\]*( |$)]
  ignore line: [Change Dir: /Users/eason/Documents/Uni/MasterWI/Masterarbeit/stxxl/build/CMakeFiles/CMakeTmp]
  ignore line: []
  ignore line: [Run Build Command:"/usr/bin/make" "cmTC_9fa35/fast"]
  ignore line: [/Applications/Xcode.app/Contents/Developer/usr/bin/make -f CMakeFiles/cmTC_9fa35.dir/build.make CMakeFiles/cmTC_9fa35.dir/build]
  ignore line: [Building CXX object CMakeFiles/cmTC_9fa35.dir/CMakeCXXCompilerABI.cpp.o]
  ignore line: [/opt/local/bin/g++-mp-5     -o CMakeFiles/cmTC_9fa35.dir/CMakeCXXCompilerABI.cpp.o -c /Applications/CMake.app/Contents/share/cmake-3.8/Modules/CMakeCXXCompilerABI.cpp]
  ignore line: [Linking CXX executable cmTC_9fa35]
  ignore line: [/Applications/CMake.app/Contents/bin/cmake -E cmake_link_script CMakeFiles/cmTC_9fa35.dir/link.txt --verbose=1]
  ignore line: [/opt/local/bin/g++-mp-5    -Wl,-search_paths_first -Wl,-headerpad_max_install_names  -v -Wl,-v CMakeFiles/cmTC_9fa35.dir/CMakeCXXCompilerABI.cpp.o  -o cmTC_9fa35 ]
  ignore line: [Using built-in specs.]
  ignore line: [COLLECT_GCC=/opt/local/bin/g++-mp-5]
  ignore line: [COLLECT_LTO_WRAPPER=/opt/local/libexec/gcc/x86_64-apple-darwin16/5.4.0/lto-wrapper]
  ignore line: [Target: x86_64-apple-darwin16]
  ignore line: [Configured with: /opt/local/var/macports/build/_opt_bblocal_var_buildworker_ports_build_ports_lang_gcc5/gcc5/work/gcc-5.4.0/configure --prefix=/opt/local --build=x86_64-apple-darwin16 --enable-languages=c,c++,objc,obj-c++,lto,fortran,java --libdir=/opt/local/lib/gcc5 --includedir=/opt/local/include/gcc5 --infodir=/opt/local/share/info --mandir=/opt/local/share/man --datarootdir=/opt/local/share/gcc-5 --with-local-prefix=/opt/local --with-system-zlib --disable-nls --program-suffix=-mp-5 --with-gxx-include-dir=/opt/local/include/gcc5/c++/ --with-gmp=/opt/local --with-mpfr=/opt/local --with-mpc=/opt/local --with-isl=/opt/local --enable-stage1-checking --disable-multilib --enable-lto --enable-libstdcxx-time --with-build-config=bootstrap-debug --with-as=/opt/local/bin/as --with-ld=/opt/local/bin/ld --with-ar=/opt/local/bin/ar --with-bugurl=https://trac.macports.org/newticket --with-pkgversion='MacPorts gcc5 5.4.0_1']
  ignore line: [Thread model: posix]
  ignore line: [gcc version 5.4.0 (MacPorts gcc5 5.4.0_1) ]
  ignore line: [COMPILER_PATH=/opt/local/libexec/gcc/x86_64-apple-darwin16/5.4.0/:/opt/local/libexec/gcc/x86_64-apple-darwin16/5.4.0/:/opt/local/libexec/gcc/x86_64-apple-darwin16/:/opt/local/lib/gcc5/gcc/x86_64-apple-darwin16/5.4.0/:/opt/local/lib/gcc5/gcc/x86_64-apple-darwin16/]
  ignore line: [LIBRARY_PATH=/opt/local/lib/gcc5/gcc/x86_64-apple-darwin16/5.4.0/:/opt/local/lib/gcc5/gcc/x86_64-apple-darwin16/5.4.0/../../../:/usr/lib/]
  ignore line: [COLLECT_GCC_OPTIONS='-mmacosx-version-min=10.12.6' '-v' '-o' 'cmTC_9fa35' '-shared-libgcc' '-mtune=core2']
  link line: [ /opt/local/libexec/gcc/x86_64-apple-darwin16/5.4.0/collect2 -dynamic -arch x86_64 -macosx_version_min 10.12.6 -weak_reference_mismatches non-weak -o cmTC_9fa35 -L/opt/local/lib/gcc5/gcc/x86_64-apple-darwin16/5.4.0 -L/opt/local/lib/gcc5/gcc/x86_64-apple-darwin16/5.4.0/../../.. -search_paths_first -headerpad_max_install_names -v CMakeFiles/cmTC_9fa35.dir/CMakeCXXCompilerABI.cpp.o -lstdc++ -no_compact_unwind -lSystem -lgcc_ext.10.5 -lgcc -lSystem -v]
    arg [/opt/local/libexec/gcc/x86_64-apple-darwin16/5.4.0/collect2] ==> ignore
    arg [-dynamic] ==> ignore
    arg [-arch] ==> ignore
    arg [x86_64] ==> ignore
    arg [-macosx_version_min] ==> ignore
    arg [10.12.6] ==> ignore
    arg [-weak_reference_mismatches] ==> ignore
    arg [non-weak] ==> ignore
    arg [-o] ==> ignore
    arg [cmTC_9fa35] ==> ignore
    arg [-L/opt/local/lib/gcc5/gcc/x86_64-apple-darwin16/5.4.0] ==> dir [/opt/local/lib/gcc5/gcc/x86_64-apple-darwin16/5.4.0]
    arg [-L/opt/local/lib/gcc5/gcc/x86_64-apple-darwin16/5.4.0/../../..] ==> dir [/opt/local/lib/gcc5/gcc/x86_64-apple-darwin16/5.4.0/../../..]
    arg [-search_paths_first] ==> ignore
    arg [-headerpad_max_install_names] ==> ignore
    arg [-v] ==> ignore
    arg [CMakeFiles/cmTC_9fa35.dir/CMakeCXXCompilerABI.cpp.o] ==> ignore
    arg [-lstdc++] ==> lib [stdc++]
    arg [-no_compact_unwind] ==> ignore
    arg [-lSystem] ==> lib [System]
    arg [-lgcc_ext.10.5] ==> lib [gcc_ext.10.5]
    arg [-lgcc] ==> lib [gcc]
    arg [-lSystem] ==> lib [System]
    arg [-v] ==> ignore
  Library search paths: [;/opt/local/lib/gcc5/gcc/x86_64-apple-darwin16/5.4.0;/opt/local/lib/gcc5;/usr/lib;/usr/local/lib]
  Framework search paths: [;/Library/Frameworks/;/System/Library/Frameworks/]
  remove lib [System]
  remove lib [gcc_ext.10.5]
  remove lib [gcc]
  remove lib [System]
  collapse library dir [/opt/local/lib/gcc5/gcc/x86_64-apple-darwin16/5.4.0] ==> [/opt/local/lib/gcc5/gcc/x86_64-apple-darwin16/5.4.0]
  collapse library dir [/opt/local/lib/gcc5/gcc/x86_64-apple-darwin16/5.4.0/../../..] ==> [/opt/local/lib/gcc5]
  collapse library dir [/opt/local/lib/gcc5/gcc/x86_64-apple-darwin16/5.4.0] ==> [/opt/local/lib/gcc5/gcc/x86_64-apple-darwin16/5.4.0]
  collapse library dir [/opt/local/lib/gcc5] ==> [/opt/local/lib/gcc5]
  collapse library dir [/usr/lib] ==> [/usr/lib]
  collapse library dir [/usr/local/lib] ==> [/usr/local/lib]
  collapse framework dir [/Library/Frameworks/] ==> [/Library/Frameworks]
  collapse framework dir [/System/Library/Frameworks/] ==> [/System/Library/Frameworks]
  implicit libs: [stdc++]
  implicit dirs: [/opt/local/lib/gcc5/gcc/x86_64-apple-darwin16/5.4.0;/opt/local/lib/gcc5;/usr/lib;/usr/local/lib]
  implicit fwks: [/Library/Frameworks;/System/Library/Frameworks]




Detecting CXX [-std=c++1z] compiler features compiled with the following output:
Change Dir: /Users/eason/Documents/Uni/MasterWI/Masterarbeit/stxxl/build/CMakeFiles/CMakeTmp

Run Build Command:"/usr/bin/make" "cmTC_f6737/fast"
/Applications/Xcode.app/Contents/Developer/usr/bin/make -f CMakeFiles/cmTC_f6737.dir/build.make CMakeFiles/cmTC_f6737.dir/build
Building CXX object CMakeFiles/cmTC_f6737.dir/feature_tests.cxx.o
/opt/local/bin/g++-mp-5    -std=c++1z -o CMakeFiles/cmTC_f6737.dir/feature_tests.cxx.o -c /Users/eason/Documents/Uni/MasterWI/Masterarbeit/stxxl/build/CMakeFiles/feature_tests.cxx
Linking CXX executable cmTC_f6737
/Applications/CMake.app/Contents/bin/cmake -E cmake_link_script CMakeFiles/cmTC_f6737.dir/link.txt --verbose=1
/opt/local/bin/g++-mp-5    -Wl,-search_paths_first -Wl,-headerpad_max_install_names   CMakeFiles/cmTC_f6737.dir/feature_tests.cxx.o  -o cmTC_f6737 


    Feature record: CXX_FEATURE:1cxx_aggregate_default_initializers
    Feature record: CXX_FEATURE:1cxx_alias_templates
    Feature record: CXX_FEATURE:1cxx_alignas
    Feature record: CXX_FEATURE:1cxx_alignof
    Feature record: CXX_FEATURE:1cxx_attributes
    Feature record: CXX_FEATURE:1cxx_attribute_deprecated
    Feature record: CXX_FEATURE:1cxx_auto_type
    Feature record: CXX_FEATURE:1cxx_binary_literals
    Feature record: CXX_FEATURE:1cxx_constexpr
    Feature record: CXX_FEATURE:1cxx_contextual_conversions
    Feature record: CXX_FEATURE:1cxx_decltype
    Feature record: CXX_FEATURE:1cxx_decltype_auto
    Feature record: CXX_FEATURE:1cxx_decltype_incomplete_return_types
    Feature record: CXX_FEATURE:1cxx_default_function_template_args
    Feature record: CXX_FEATURE:1cxx_defaulted_functions
    Feature record: CXX_FEATURE:1cxx_defaulted_move_initializers
    Feature record: CXX_FEATURE:1cxx_delegating_constructors
    Feature record: CXX_FEATURE:1cxx_deleted_functions
    Feature record: CXX_FEATURE:1cxx_digit_separators
    Feature record: CXX_FEATURE:1cxx_enum_forward_declarations
    Feature record: CXX_FEATURE:1cxx_explicit_conversions
    Feature record: CXX_FEATURE:1cxx_extended_friend_declarations
    Feature record: CXX_FEATURE:1cxx_extern_templates
    Feature record: CXX_FEATURE:1cxx_final
    Feature record: CXX_FEATURE:1cxx_func_identifier
    Feature record: CXX_FEATURE:1cxx_generalized_initializers
    Feature record: CXX_FEATURE:1cxx_generic_lambdas
    Feature record: CXX_FEATURE:1cxx_inheriting_constructors
    Feature record: CXX_FEATURE:1cxx_inline_namespaces
    Feature record: CXX_FEATURE:1cxx_lambdas
    Feature record: CXX_FEATURE:1cxx_lambda_init_captures
    Feature record: CXX_FEATURE:1cxx_local_type_template_args
    Feature record: CXX_FEATURE:1cxx_long_long_type
    Feature record: CXX_FEATURE:1cxx_noexcept
    Feature record: CXX_FEATURE:1cxx_nonstatic_member_init
    Feature record: CXX_FEATURE:1cxx_nullptr
    Feature record: CXX_FEATURE:1cxx_override
    Feature record: CXX_FEATURE:1cxx_range_for
    Feature record: CXX_FEATURE:1cxx_raw_string_literals
    Feature record: CXX_FEATURE:1cxx_reference_qualified_functions
    Feature record: CXX_FEATURE:1cxx_relaxed_constexpr
    Feature record: CXX_FEATURE:1cxx_return_type_deduction
    Feature record: CXX_FEATURE:1cxx_right_angle_brackets
    Feature record: CXX_FEATURE:1cxx_rvalue_references
    Feature record: CXX_FEATURE:1cxx_sizeof_member
    Feature record: CXX_FEATURE:1cxx_static_assert
    Feature record: CXX_FEATURE:1cxx_strong_enums
    Feature record: CXX_FEATURE:1cxx_template_template_parameters
    Feature record: CXX_FEATURE:1cxx_thread_local
    Feature record: CXX_FEATURE:1cxx_trailing_return_types
    Feature record: CXX_FEATURE:1cxx_unicode_literals
    Feature record: CXX_FEATURE:1cxx_uniform_initialization
    Feature record: CXX_FEATURE:1cxx_unrestricted_unions
    Feature record: CXX_FEATURE:1cxx_user_literals
    Feature record: CXX_FEATURE:1cxx_variable_templates
    Feature record: CXX_FEATURE:1cxx_variadic_macros
    Feature record: CXX_FEATURE:1cxx_variadic_templates


Detecting CXX [-std=c++14] compiler features compiled with the following output:
Change Dir: /Users/eason/Documents/Uni/MasterWI/Masterarbeit/stxxl/build/CMakeFiles/CMakeTmp

Run Build Command:"/usr/bin/make" "cmTC_c1518/fast"
/Applications/Xcode.app/Contents/Developer/usr/bin/make -f CMakeFiles/cmTC_c1518.dir/build.make CMakeFiles/cmTC_c1518.dir/build
Building CXX object CMakeFiles/cmTC_c1518.dir/feature_tests.cxx.o
/opt/local/bin/g++-mp-5    -std=c++14 -o CMakeFiles/cmTC_c1518.dir/feature_tests.cxx.o -c /Users/eason/Documents/Uni/MasterWI/Masterarbeit/stxxl/build/CMakeFiles/feature_tests.cxx
Linking CXX executable cmTC_c1518
/Applications/CMake.app/Contents/bin/cmake -E cmake_link_script CMakeFiles/cmTC_c1518.dir/link.txt --verbose=1
/opt/local/bin/g++-mp-5    -Wl,-search_paths_first -Wl,-headerpad_max_install_names   CMakeFiles/cmTC_c1518.dir/feature_tests.cxx.o  -o cmTC_c1518 


    Feature record: CXX_FEATURE:1cxx_aggregate_default_initializers
    Feature record: CXX_FEATURE:1cxx_alias_templates
    Feature record: CXX_FEATURE:1cxx_alignas
    Feature record: CXX_FEATURE:1cxx_alignof
    Feature record: CXX_FEATURE:1cxx_attributes
    Feature record: CXX_FEATURE:1cxx_attribute_deprecated
    Feature record: CXX_FEATURE:1cxx_auto_type
    Feature record: CXX_FEATURE:1cxx_binary_literals
    Feature record: CXX_FEATURE:1cxx_constexpr
    Feature record: CXX_FEATURE:1cxx_contextual_conversions
    Feature record: CXX_FEATURE:1cxx_decltype
    Feature record: CXX_FEATURE:1cxx_decltype_auto
    Feature record: CXX_FEATURE:1cxx_decltype_incomplete_return_types
    Feature record: CXX_FEATURE:1cxx_default_function_template_args
    Feature record: CXX_FEATURE:1cxx_defaulted_functions
    Feature record: CXX_FEATURE:1cxx_defaulted_move_initializers
    Feature record: CXX_FEATURE:1cxx_delegating_constructors
    Feature record: CXX_FEATURE:1cxx_deleted_functions
    Feature record: CXX_FEATURE:1cxx_digit_separators
    Feature record: CXX_FEATURE:1cxx_enum_forward_declarations
    Feature record: CXX_FEATURE:1cxx_explicit_conversions
    Feature record: CXX_FEATURE:1cxx_extended_friend_declarations
    Feature record: CXX_FEATURE:1cxx_extern_templates
    Feature record: CXX_FEATURE:1cxx_final
    Feature record: CXX_FEATURE:1cxx_func_identifier
    Feature record: CXX_FEATURE:1cxx_generalized_initializers
    Feature record: CXX_FEATURE:1cxx_generic_lambdas
    Feature record: CXX_FEATURE:1cxx_inheriting_constructors
    Feature record: CXX_FEATURE:1cxx_inline_namespaces
    Feature record: CXX_FEATURE:1cxx_lambdas
    Feature record: CXX_FEATURE:1cxx_lambda_init_captures
    Feature record: CXX_FEATURE:1cxx_local_type_template_args
    Feature record: CXX_FEATURE:1cxx_long_long_type
    Feature record: CXX_FEATURE:1cxx_noexcept
    Feature record: CXX_FEATURE:1cxx_nonstatic_member_init
    Feature record: CXX_FEATURE:1cxx_nullptr
    Feature record: CXX_FEATURE:1cxx_override
    Feature record: CXX_FEATURE:1cxx_range_for
    Feature record: CXX_FEATURE:1cxx_raw_string_literals
    Feature record: CXX_FEATURE:1cxx_reference_qualified_functions
    Feature record: CXX_FEATURE:1cxx_relaxed_constexpr
    Feature record: CXX_FEATURE:1cxx_return_type_deduction
    Feature record: CXX_FEATURE:1cxx_right_angle_brackets
    Feature record: CXX_FEATURE:1cxx_rvalue_references
    Feature record: CXX_FEATURE:1cxx_sizeof_member
    Feature record: CXX_FEATURE:1cxx_static_assert
    Feature record: CXX_FEATURE:1cxx_strong_enums
    Feature record: CXX_FEATURE:1cxx_template_template_parameters
    Feature record: CXX_FEATURE:1cxx_thread_local
    Feature record: CXX_FEATURE:1cxx_trailing_return_types
    Feature record: CXX_FEATURE:1cxx_unicode_literals
    Feature record: CXX_FEATURE:1cxx_uniform_initialization
    Feature record: CXX_FEATURE:1cxx_unrestricted_unions
    Feature record: CXX_FEATURE:1cxx_user_literals
    Feature record: CXX_FEATURE:1cxx_variable_templates
    Feature record: CXX_FEATURE:1cxx_variadic_macros
    Feature record: CXX_FEATURE:1cxx_variadic_templates


Detecting CXX [-std=c++11] compiler features compiled with the following output:
Change Dir: /Users/eason/Documents/Uni/MasterWI/Masterarbeit/stxxl/build/CMakeFiles/CMakeTmp

Run Build Command:"/usr/bin/make" "cmTC_5467b/fast"
/Applications/Xcode.app/Contents/Developer/usr/bin/make -f CMakeFiles/cmTC_5467b.dir/build.make CMakeFiles/cmTC_5467b.dir/build
Building CXX object CMakeFiles/cmTC_5467b.dir/feature_tests.cxx.o
/opt/local/bin/g++-mp-5    -std=c++11 -o CMakeFiles/cmTC_5467b.dir/feature_tests.cxx.o -c /Users/eason/Documents/Uni/MasterWI/Masterarbeit/stxxl/build/CMakeFiles/feature_tests.cxx
Linking CXX executable cmTC_5467b
/Applications/CMake.app/Contents/bin/cmake -E cmake_link_script CMakeFiles/cmTC_5467b.dir/link.txt --verbose=1
/opt/local/bin/g++-mp-5    -Wl,-search_paths_first -Wl,-headerpad_max_install_names   CMakeFiles/cmTC_5467b.dir/feature_tests.cxx.o  -o cmTC_5467b 


    Feature record: CXX_FEATURE:0cxx_aggregate_default_initializers
    Feature record: CXX_FEATURE:1cxx_alias_templates
    Feature record: CXX_FEATURE:1cxx_alignas
    Feature record: CXX_FEATURE:1cxx_alignof
    Feature record: CXX_FEATURE:1cxx_attributes
    Feature record: CXX_FEATURE:0cxx_attribute_deprecated
    Feature record: CXX_FEATURE:1cxx_auto_type
    Feature record: CXX_FEATURE:0cxx_binary_literals
    Feature record: CXX_FEATURE:1cxx_constexpr
    Feature record: CXX_FEATURE:0cxx_contextual_conversions
    Feature record: CXX_FEATURE:1cxx_decltype
    Feature record: CXX_FEATURE:0cxx_decltype_auto
    Feature record: CXX_FEATURE:1cxx_decltype_incomplete_return_types
    Feature record: CXX_FEATURE:1cxx_default_function_template_args
    Feature record: CXX_FEATURE:1cxx_defaulted_functions
    Feature record: CXX_FEATURE:1cxx_defaulted_move_initializers
    Feature record: CXX_FEATURE:1cxx_delegating_constructors
    Feature record: CXX_FEATURE:1cxx_deleted_functions
    Feature record: CXX_FEATURE:0cxx_digit_separators
    Feature record: CXX_FEATURE:1cxx_enum_forward_declarations
    Feature record: CXX_FEATURE:1cxx_explicit_conversions
    Feature record: CXX_FEATURE:1cxx_extended_friend_declarations
    Feature record: CXX_FEATURE:1cxx_extern_templates
    Feature record: CXX_FEATURE:1cxx_final
    Feature record: CXX_FEATURE:1cxx_func_identifier
    Feature record: CXX_FEATURE:1cxx_generalized_initializers
    Feature record: CXX_FEATURE:0cxx_generic_lambdas
    Feature record: CXX_FEATURE:1cxx_inheriting_constructors
    Feature record: CXX_FEATURE:1cxx_inline_namespaces
    Feature record: CXX_FEATURE:1cxx_lambdas
    Feature record: CXX_FEATURE:0cxx_lambda_init_captures
    Feature record: CXX_FEATURE:1cxx_local_type_template_args
    Feature record: CXX_FEATURE:1cxx_long_long_type
    Feature record: CXX_FEATURE:1cxx_noexcept
    Feature record: CXX_FEATURE:1cxx_nonstatic_member_init
    Feature record: CXX_FEATURE:1cxx_nullptr
    Feature record: CXX_FEATURE:1cxx_override
    Feature record: CXX_FEATURE:1cxx_range_for
    Feature record: CXX_FEATURE:1cxx_raw_string_literals
    Feature record: CXX_FEATURE:1cxx_reference_qualified_functions
    Feature record: CXX_FEATURE:0cxx_relaxed_constexpr
    Feature record: CXX_FEATURE:0cxx_return_type_deduction
    Feature record: CXX_FEATURE:1cxx_right_angle_brackets
    Feature record: CXX_FEATURE:1cxx_rvalue_references
    Feature record: CXX_FEATURE:1cxx_sizeof_member
    Feature record: CXX_FEATURE:1cxx_static_assert
    Feature record: CXX_FEATURE:1cxx_strong_enums
    Feature record: CXX_FEATURE:1cxx_template_template_parameters
    Feature record: CXX_FEATURE:1cxx_thread_local
    Feature record: CXX_FEATURE:1cxx_trailing_return_types
    Feature record: CXX_FEATURE:1cxx_unicode_literals
    Feature record: CXX_FEATURE:1cxx_uniform_initialization
    Feature record: CXX_FEATURE:1cxx_unrestricted_unions
    Feature record: CXX_FEATURE:1cxx_user_literals
    Feature record: CXX_FEATURE:0cxx_variable_templates
    Feature record: CXX_FEATURE:1cxx_variadic_macros
    Feature record: CXX_FEATURE:1cxx_variadic_templates


Detecting CXX [-std=c++98] compiler features compiled with the following output:
Change Dir: /Users/eason/Documents/Uni/MasterWI/Masterarbeit/stxxl/build/CMakeFiles/CMakeTmp

Run Build Command:"/usr/bin/make" "cmTC_2c65f/fast"
/Applications/Xcode.app/Contents/Developer/usr/bin/make -f CMakeFiles/cmTC_2c65f.dir/build.make CMakeFiles/cmTC_2c65f.dir/build
Building CXX object CMakeFiles/cmTC_2c65f.dir/feature_tests.cxx.o
/opt/local/bin/g++-mp-5    -std=c++98 -o CMakeFiles/cmTC_2c65f.dir/feature_tests.cxx.o -c /Users/eason/Documents/Uni/MasterWI/Masterarbeit/stxxl/build/CMakeFiles/feature_tests.cxx
Linking CXX executable cmTC_2c65f
/Applications/CMake.app/Contents/bin/cmake -E cmake_link_script CMakeFiles/cmTC_2c65f.dir/link.txt --verbose=1
/opt/local/bin/g++-mp-5    -Wl,-search_paths_first -Wl,-headerpad_max_install_names   CMakeFiles/cmTC_2c65f.dir/feature_tests.cxx.o  -o cmTC_2c65f 


    Feature record: CXX_FEATURE:0cxx_aggregate_default_initializers
    Feature record: CXX_FEATURE:0cxx_alias_templates
    Feature record: CXX_FEATURE:0cxx_alignas
    Feature record: CXX_FEATURE:0cxx_alignof
    Feature record: CXX_FEATURE:0cxx_attributes
    Feature record: CXX_FEATURE:0cxx_attribute_deprecated
    Feature record: CXX_FEATURE:0cxx_auto_type
    Feature record: CXX_FEATURE:0cxx_binary_literals
    Feature record: CXX_FEATURE:0cxx_constexpr
    Feature record: CXX_FEATURE:0cxx_contextual_conversions
    Feature record: CXX_FEATURE:0cxx_decltype
    Feature record: CXX_FEATURE:0cxx_decltype_auto
    Feature record: CXX_FEATURE:0cxx_decltype_incomplete_return_types
    Feature record: CXX_FEATURE:0cxx_default_function_template_args
    Feature record: CXX_FEATURE:0cxx_defaulted_functions
    Feature record: CXX_FEATURE:0cxx_defaulted_move_initializers
    Feature record: CXX_FEATURE:0cxx_delegating_constructors
    Feature record: CXX_FEATURE:0cxx_deleted_functions
    Feature record: CXX_FEATURE:0cxx_digit_separators
    Feature record: CXX_FEATURE:0cxx_enum_forward_declarations
    Feature record: CXX_FEATURE:0cxx_explicit_conversions
    Feature record: CXX_FEATURE:0cxx_extended_friend_declarations
    Feature record: CXX_FEATURE:0cxx_extern_templates
    Feature record: CXX_FEATURE:0cxx_final
    Feature record: CXX_FEATURE:0cxx_func_identifier
    Feature record: CXX_FEATURE:0cxx_generalized_initializers
    Feature record: CXX_FEATURE:0cxx_generic_lambdas
    Feature record: CXX_FEATURE:0cxx_inheriting_constructors
    Feature record: CXX_FEATURE:0cxx_inline_namespaces
    Feature record: CXX_FEATURE:0cxx_lambdas
    Feature record: CXX_FEATURE:0cxx_lambda_init_captures
    Feature record: CXX_FEATURE:0cxx_local_type_template_args
    Feature record: CXX_FEATURE:0cxx_long_long_type
    Feature record: CXX_FEATURE:0cxx_noexcept
    Feature record: CXX_FEATURE:0cxx_nonstatic_member_init
    Feature record: CXX_FEATURE:0cxx_nullptr
    Feature record: CXX_FEATURE:0cxx_override
    Feature record: CXX_FEATURE:0cxx_range_for
    Feature record: CXX_FEATURE:0cxx_raw_string_literals
    Feature record: CXX_FEATURE:0cxx_reference_qualified_functions
    Feature record: CXX_FEATURE:0cxx_relaxed_constexpr
    Feature record: CXX_FEATURE:0cxx_return_type_deduction
    Feature record: CXX_FEATURE:0cxx_right_angle_brackets
    Feature record: CXX_FEATURE:0cxx_rvalue_references
    Feature record: CXX_FEATURE:0cxx_sizeof_member
    Feature record: CXX_FEATURE:0cxx_static_assert
    Feature record: CXX_FEATURE:0cxx_strong_enums
    Feature record: CXX_FEATURE:1cxx_template_template_parameters
    Feature record: CXX_FEATURE:0cxx_thread_local
    Feature record: CXX_FEATURE:0cxx_trailing_return_types
    Feature record: CXX_FEATURE:0cxx_unicode_literals
    Feature record: CXX_FEATURE:0cxx_uniform_initialization
    Feature record: CXX_FEATURE:0cxx_unrestricted_unions
    Feature record: CXX_FEATURE:0cxx_user_literals
    Feature record: CXX_FEATURE:0cxx_variable_templates
    Feature record: CXX_FEATURE:0cxx_variadic_macros
    Feature record: CXX_FEATURE:0cxx_variadic_templates
Performing C++ SOURCE FILE Test CXX_HAS_FLAGS_WEXTRA succeeded with the following output:
Change Dir: /Users/eason/Documents/Uni/MasterWI/Masterarbeit/stxxl/build/CMakeFiles/CMakeTmp

Run Build Command:"/usr/bin/make" "cmTC_8f241/fast"
/Applications/Xcode.app/Contents/Developer/usr/bin/make -f CMakeFiles/cmTC_8f241.dir/build.make CMakeFiles/cmTC_8f241.dir/build
Building CXX object CMakeFiles/cmTC_8f241.dir/src.cxx.o
/opt/local/bin/g++-mp-5    -W -Wall -pedantic -Wno-long-long -DCXX_HAS_FLAGS_WEXTRA   -Wextra -o CMakeFiles/cmTC_8f241.dir/src.cxx.o -c /Users/eason/Documents/Uni/MasterWI/Masterarbeit/stxxl/build/CMakeFiles/CMakeTmp/src.cxx
Linking CXX executable cmTC_8f241
/Applications/CMake.app/Contents/bin/cmake -E cmake_link_script CMakeFiles/cmTC_8f241.dir/link.txt --verbose=1
/opt/local/bin/g++-mp-5   -W -Wall -pedantic -Wno-long-long -DCXX_HAS_FLAGS_WEXTRA -Wl,-search_paths_first -Wl,-headerpad_max_install_names   CMakeFiles/cmTC_8f241.dir/src.cxx.o  -o cmTC_8f241 

Source file was:
int main() { return 0; }
Performing C++ SOURCE FILE Test CXX_HAS_TEMPLATE_DEPTH succeeded with the following output:
Change Dir: /Users/eason/Documents/Uni/MasterWI/Masterarbeit/stxxl/build/CMakeFiles/CMakeTmp

Run Build Command:"/usr/bin/make" "cmTC_3c5dd/fast"
/Applications/Xcode.app/Contents/Developer/usr/bin/make -f CMakeFiles/cmTC_3c5dd.dir/build.make CMakeFiles/cmTC_3c5dd.dir/build
Building CXX object CMakeFiles/cmTC_3c5dd.dir/src.cxx.o
/opt/local/bin/g++-mp-5    -W -Wall -pedantic -Wno-long-long -Wextra -DCXX_HAS_TEMPLATE_DEPTH   -ftemplate-depth=1024 -o CMakeFiles/cmTC_3c5dd.dir/src.cxx.o -c /Users/eason/Documents/Uni/MasterWI/Masterarbeit/stxxl/build/CMakeFiles/CMakeTmp/src.cxx
Linking CXX executable cmTC_3c5dd
/Applications/CMake.app/Contents/bin/cmake -E cmake_link_script CMakeFiles/cmTC_3c5dd.dir/link.txt --verbose=1
/opt/local/bin/g++-mp-5   -W -Wall -pedantic -Wno-long-long -Wextra -DCXX_HAS_TEMPLATE_DEPTH -Wl,-search_paths_first -Wl,-headerpad_max_install_names   CMakeFiles/cmTC_3c5dd.dir/src.cxx.o  -o cmTC_3c5dd 

Source file was:
int main() { return 0; }
Performing C++ SOURCE FILE Test CXX_HAS_STD_CXX11 succeeded with the following output:
Change Dir: /Users/eason/Documents/Uni/MasterWI/Masterarbeit/stxxl/build/CMakeFiles/CMakeTmp

Run Build Command:"/usr/bin/make" "cmTC_24c2f/fast"
/Applications/Xcode.app/Contents/Developer/usr/bin/make -f CMakeFiles/cmTC_24c2f.dir/build.make CMakeFiles/cmTC_24c2f.dir/build
Building CXX object CMakeFiles/cmTC_24c2f.dir/src.cxx.o
/opt/local/bin/g++-mp-5    -W -Wall -pedantic -Wno-long-long -Wextra -ftemplate-depth=1024 -DCXX_HAS_STD_CXX11   -std=c++11 -o CMakeFiles/cmTC_24c2f.dir/src.cxx.o -c /Users/eason/Documents/Uni/MasterWI/Masterarbeit/stxxl/build/CMakeFiles/CMakeTmp/src.cxx
Linking CXX executable cmTC_24c2f
/Applications/CMake.app/Contents/bin/cmake -E cmake_link_script CMakeFiles/cmTC_24c2f.dir/link.txt --verbose=1
/opt/local/bin/g++-mp-5   -W -Wall -pedantic -Wno-long-long -Wextra -ftemplate-depth=1024 -DCXX_HAS_STD_CXX11 -Wl,-search_paths_first -Wl,-headerpad_max_install_names   CMakeFiles/cmTC_24c2f.dir/src.cxx.o  -o cmTC_24c2f 

Source file was:
int main() { return 0; }
Performing C++ SOURCE FILE Test STXXL_HAVE_CXX11_RANGE_FOR_LOOP succeeded with the following output:
Change Dir: /Users/eason/Documents/Uni/MasterWI/Masterarbeit/stxxl/build/CMakeFiles/CMakeTmp

Run Build Command:"/usr/bin/make" "cmTC_b8717/fast"
/Applications/Xcode.app/Contents/Developer/usr/bin/make -f CMakeFiles/cmTC_b8717.dir/build.make CMakeFiles/cmTC_b8717.dir/build
Building CXX object CMakeFiles/cmTC_b8717.dir/src.cxx.o
/opt/local/bin/g++-mp-5    -W -Wall -pedantic -Wno-long-long -Wextra -ftemplate-depth=1024 -std=c++11 -DSTXXL_HAVE_CXX11_RANGE_FOR_LOOP   -o CMakeFiles/cmTC_b8717.dir/src.cxx.o -c /Users/eason/Documents/Uni/MasterWI/Masterarbeit/stxxl/build/CMakeFiles/CMakeTmp/src.cxx
Linking CXX executable cmTC_b8717
/Applications/CMake.app/Contents/bin/cmake -E cmake_link_script CMakeFiles/cmTC_b8717.dir/link.txt --verbose=1
/opt/local/bin/g++-mp-5   -W -Wall -pedantic -Wno-long-long -Wextra -ftemplate-depth=1024 -std=c++11 -DSTXXL_HAVE_CXX11_RANGE_FOR_LOOP -Wl,-search_paths_first -Wl,-headerpad_max_install_names   CMakeFiles/cmTC_b8717.dir/src.cxx.o  -o cmTC_b8717 

Source file was:
#include <vector>
  int main() { std::vector<int> v(42); for (auto i : v) { ++i; } return 0; }
Determining if the include file pthread.h exists passed with the following output:
Change Dir: /Users/eason/Documents/Uni/MasterWI/Masterarbeit/stxxl/build/CMakeFiles/CMakeTmp

Run Build Command:"/usr/bin/make" "cmTC_65e56/fast"
/Applications/Xcode.app/Contents/Developer/usr/bin/make -f CMakeFiles/cmTC_65e56.dir/build.make CMakeFiles/cmTC_65e56.dir/build
Building CXX object CMakeFiles/cmTC_65e56.dir/CheckIncludeFile.cxx.o
/opt/local/bin/g++-mp-5    -W -Wall -pedantic -Wno-long-long -Wextra -ftemplate-depth=1024 -std=c++11    -o CMakeFiles/cmTC_65e56.dir/CheckIncludeFile.cxx.o -c /Users/eason/Documents/Uni/MasterWI/Masterarbeit/stxxl/build/CMakeFiles/CMakeTmp/CheckIncludeFile.cxx
Linking CXX executable cmTC_65e56
/Applications/CMake.app/Contents/bin/cmake -E cmake_link_script CMakeFiles/cmTC_65e56.dir/link.txt --verbose=1
/opt/local/bin/g++-mp-5   -W -Wall -pedantic -Wno-long-long -Wextra -ftemplate-depth=1024 -std=c++11  -Wl,-search_paths_first -Wl,-headerpad_max_install_names   CMakeFiles/cmTC_65e56.dir/CheckIncludeFile.cxx.o  -o cmTC_65e56 


Determining if the include file pthread.h exists passed with the following output:
Change Dir: /Users/eason/Documents/Uni/MasterWI/Masterarbeit/stxxl/build/CMakeFiles/CMakeTmp

Run Build Command:"/usr/bin/make" "cmTC_a3bba/fast"
/Applications/Xcode.app/Contents/Developer/usr/bin/make -f CMakeFiles/cmTC_a3bba.dir/build.make CMakeFiles/cmTC_a3bba.dir/build
Building C object CMakeFiles/cmTC_a3bba.dir/CheckIncludeFile.c.o
/opt/local/bin/gcc-mp-5    -o CMakeFiles/cmTC_a3bba.dir/CheckIncludeFile.c.o   -c /Users/eason/Documents/Uni/MasterWI/Masterarbeit/stxxl/build/CMakeFiles/CMakeTmp/CheckIncludeFile.c
Linking C executable cmTC_a3bba
/Applications/CMake.app/Contents/bin/cmake -E cmake_link_script CMakeFiles/cmTC_a3bba.dir/link.txt --verbose=1
/opt/local/bin/gcc-mp-5   -Wl,-search_paths_first -Wl,-headerpad_max_install_names   CMakeFiles/cmTC_a3bba.dir/CheckIncludeFile.c.o  -o cmTC_a3bba 


Determining if the pthread_create exist passed with the following output:
Change Dir: /Users/eason/Documents/Uni/MasterWI/Masterarbeit/stxxl/build/CMakeFiles/CMakeTmp

Run Build Command:"/usr/bin/make" "cmTC_9d614/fast"
/Applications/Xcode.app/Contents/Developer/usr/bin/make -f CMakeFiles/cmTC_9d614.dir/build.make CMakeFiles/cmTC_9d614.dir/build
Building C object CMakeFiles/cmTC_9d614.dir/CheckSymbolExists.c.o
/opt/local/bin/gcc-mp-5    -o CMakeFiles/cmTC_9d614.dir/CheckSymbolExists.c.o   -c /Users/eason/Documents/Uni/MasterWI/Masterarbeit/stxxl/build/CMakeFiles/CMakeTmp/CheckSymbolExists.c
Linking C executable cmTC_9d614
/Applications/CMake.app/Contents/bin/cmake -E cmake_link_script CMakeFiles/cmTC_9d614.dir/link.txt --verbose=1
/opt/local/bin/gcc-mp-5   -Wl,-search_paths_first -Wl,-headerpad_max_install_names   CMakeFiles/cmTC_9d614.dir/CheckSymbolExists.c.o  -o cmTC_9d614 

File /Users/eason/Documents/Uni/MasterWI/Masterarbeit/stxxl/build/CMakeFiles/CMakeTmp/CheckSymbolExists.c:
/* */
#include <pthread.h>

int main(int argc, char** argv)
{
  (void)argv;
#ifndef pthread_create
  return ((int*)(&pthread_create))[argc];
#else
  (void)argc;
  return 0;
#endif
}

Determining if the mmap exist passed with the following output:
Change Dir: /Users/eason/Documents/Uni/MasterWI/Masterarbeit/stxxl/build/CMakeFiles/CMakeTmp

Run Build Command:"/usr/bin/make" "cmTC_dc5ab/fast"
/Applications/Xcode.app/Contents/Developer/usr/bin/make -f CMakeFiles/cmTC_dc5ab.dir/build.make CMakeFiles/cmTC_dc5ab.dir/build
Building C object CMakeFiles/cmTC_dc5ab.dir/CheckSymbolExists.c.o
/opt/local/bin/gcc-mp-5    -o CMakeFiles/cmTC_dc5ab.dir/CheckSymbolExists.c.o   -c /Users/eason/Documents/Uni/MasterWI/Masterarbeit/stxxl/build/CMakeFiles/CMakeTmp/CheckSymbolExists.c
Linking C executable cmTC_dc5ab
/Applications/CMake.app/Contents/bin/cmake -E cmake_link_script CMakeFiles/cmTC_dc5ab.dir/link.txt --verbose=1
/opt/local/bin/gcc-mp-5   -Wl,-search_paths_first -Wl,-headerpad_max_install_names   CMakeFiles/cmTC_dc5ab.dir/CheckSymbolExists.c.o  -o cmTC_dc5ab 

File /Users/eason/Documents/Uni/MasterWI/Masterarbeit/stxxl/build/CMakeFiles/CMakeTmp/CheckSymbolExists.c:
/* */
#include <sys/mman.h>

int main(int argc, char** argv)
{
  (void)argv;
#ifndef mmap
  return ((int*)(&mmap))[argc];
#else
  (void)argc;
  return 0;
#endif
}

Performing C++ SOURCE FILE Test STXXL_HAVE_SYNC_ADD_AND_FETCH succeeded with the following output:
Change Dir: /Users/eason/Documents/Uni/MasterWI/Masterarbeit/stxxl/build/CMakeFiles/CMakeTmp

Run Build Command:"/usr/bin/make" "cmTC_70354/fast"
/Applications/Xcode.app/Contents/Developer/usr/bin/make -f CMakeFiles/cmTC_70354.dir/build.make CMakeFiles/cmTC_70354.dir/build
Building CXX object CMakeFiles/cmTC_70354.dir/src.cxx.o
/opt/local/bin/g++-mp-5    -W -Wall -pedantic -Wno-long-long -Wextra -ftemplate-depth=1024 -std=c++11 -DSTXXL_HAVE_SYNC_ADD_AND_FETCH   -o CMakeFiles/cmTC_70354.dir/src.cxx.o -c /Users/eason/Documents/Uni/MasterWI/Masterarbeit/stxxl/build/CMakeFiles/CMakeTmp/src.cxx
Linking CXX executable cmTC_70354
/Applications/CMake.app/Contents/bin/cmake -E cmake_link_script CMakeFiles/cmTC_70354.dir/link.txt --verbose=1
/opt/local/bin/g++-mp-5   -W -Wall -pedantic -Wno-long-long -Wextra -ftemplate-depth=1024 -std=c++11 -DSTXXL_HAVE_SYNC_ADD_AND_FETCH -Wl,-search_paths_first -Wl,-headerpad_max_install_names   CMakeFiles/cmTC_70354.dir/src.cxx.o  -o cmTC_70354 

Source file was:
int main() { int x; __sync_add_and_fetch(&x, +1); return 0; }
Performing C SOURCE FILE Test OpenMP_FLAG_DETECTED succeeded with the following output:
Change Dir: /Users/eason/Documents/Uni/MasterWI/Masterarbeit/stxxl/build/CMakeFiles/CMakeTmp

Run Build Command:"/usr/bin/make" "cmTC_1abc3/fast"
/Applications/Xcode.app/Contents/Developer/usr/bin/make -f CMakeFiles/cmTC_1abc3.dir/build.make CMakeFiles/cmTC_1abc3.dir/build
Building C object CMakeFiles/cmTC_1abc3.dir/src.c.o
/opt/local/bin/gcc-mp-5   -DOpenMP_FLAG_DETECTED -fopenmp   -o CMakeFiles/cmTC_1abc3.dir/src.c.o   -c /Users/eason/Documents/Uni/MasterWI/Masterarbeit/stxxl/build/CMakeFiles/CMakeTmp/src.c
Linking C executable cmTC_1abc3
/Applications/CMake.app/Contents/bin/cmake -E cmake_link_script CMakeFiles/cmTC_1abc3.dir/link.txt --verbose=1
/opt/local/bin/gcc-mp-5  -DOpenMP_FLAG_DETECTED -fopenmp -Wl,-search_paths_first -Wl,-headerpad_max_install_names   CMakeFiles/cmTC_1abc3.dir/src.c.o  -o cmTC_1abc3 

Source file was:

#include <omp.h>
int main() {
#ifdef _OPENMP
  return 0;
#else
  breaks_on_purpose
#endif
}

Performing C++ SOURCE FILE Test OpenMP_FLAG_DETECTED succeeded with the following output:
Change Dir: /Users/eason/Documents/Uni/MasterWI/Masterarbeit/stxxl/build/CMakeFiles/CMakeTmp

Run Build Command:"/usr/bin/make" "cmTC_80aca/fast"
/Applications/Xcode.app/Contents/Developer/usr/bin/make -f CMakeFiles/cmTC_80aca.dir/build.make CMakeFiles/cmTC_80aca.dir/build
Building CXX object CMakeFiles/cmTC_80aca.dir/src.cxx.o
/opt/local/bin/g++-mp-5    -W -Wall -pedantic -Wno-long-long -Wextra -ftemplate-depth=1024 -std=c++11 -DOpenMP_FLAG_DETECTED -fopenmp   -o CMakeFiles/cmTC_80aca.dir/src.cxx.o -c /Users/eason/Documents/Uni/MasterWI/Masterarbeit/stxxl/build/CMakeFiles/CMakeTmp/src.cxx
Linking CXX executable cmTC_80aca
/Applications/CMake.app/Contents/bin/cmake -E cmake_link_script CMakeFiles/cmTC_80aca.dir/link.txt --verbose=1
/opt/local/bin/g++-mp-5   -W -Wall -pedantic -Wno-long-long -Wextra -ftemplate-depth=1024 -std=c++11 -DOpenMP_FLAG_DETECTED -fopenmp -Wl,-search_paths_first -Wl,-headerpad_max_install_names   CMakeFiles/cmTC_80aca.dir/src.cxx.o  -o cmTC_80aca 

Source file was:

#include <omp.h>
int main() {
#ifdef _OPENMP
  return 0;
#else
  breaks_on_purpose
#endif
}

Determining if the include file parallel/algorithm exists passed with the following output:
Change Dir: /Users/eason/Documents/Uni/MasterWI/Masterarbeit/stxxl/build/CMakeFiles/CMakeTmp

Run Build Command:"/usr/bin/make" "cmTC_33595/fast"
/Applications/Xcode.app/Contents/Developer/usr/bin/make -f CMakeFiles/cmTC_33595.dir/build.make CMakeFiles/cmTC_33595.dir/build
Building CXX object CMakeFiles/cmTC_33595.dir/CheckIncludeFile.cxx.o
/opt/local/bin/g++-mp-5    -W -Wall -pedantic -Wno-long-long -Wextra -ftemplate-depth=1024 -std=c++11 -fopenmp    -o CMakeFiles/cmTC_33595.dir/CheckIncludeFile.cxx.o -c /Users/eason/Documents/Uni/MasterWI/Masterarbeit/stxxl/build/CMakeFiles/CMakeTmp/CheckIncludeFile.cxx
Linking CXX executable cmTC_33595
/Applications/CMake.app/Contents/bin/cmake -E cmake_link_script CMakeFiles/cmTC_33595.dir/link.txt --verbose=1
/opt/local/bin/g++-mp-5   -W -Wall -pedantic -Wno-long-long -Wextra -ftemplate-depth=1024 -std=c++11 -fopenmp  -Wl,-search_paths_first -Wl,-headerpad_max_install_names   CMakeFiles/cmTC_33595.dir/CheckIncludeFile.cxx.o  -o cmTC_33595 


Determining if the mlock exist passed with the following output:
Change Dir: /Users/eason/Documents/Uni/MasterWI/Masterarbeit/stxxl/build/CMakeFiles/CMakeTmp

Run Build Command:"/usr/bin/make" "cmTC_68d93/fast"
/Applications/Xcode.app/Contents/Developer/usr/bin/make -f CMakeFiles/cmTC_68d93.dir/build.make CMakeFiles/cmTC_68d93.dir/build
Building C object CMakeFiles/cmTC_68d93.dir/CheckSymbolExists.c.o
/opt/local/bin/gcc-mp-5   -fopenmp    -o CMakeFiles/cmTC_68d93.dir/CheckSymbolExists.c.o   -c /Users/eason/Documents/Uni/MasterWI/Masterarbeit/stxxl/build/CMakeFiles/CMakeTmp/CheckSymbolExists.c
Linking C executable cmTC_68d93
/Applications/CMake.app/Contents/bin/cmake -E cmake_link_script CMakeFiles/cmTC_68d93.dir/link.txt --verbose=1
/opt/local/bin/gcc-mp-5  -fopenmp  -Wl,-search_paths_first -Wl,-headerpad_max_install_names   CMakeFiles/cmTC_68d93.dir/CheckSymbolExists.c.o  -o cmTC_68d93 

File /Users/eason/Documents/Uni/MasterWI/Masterarbeit/stxxl/build/CMakeFiles/CMakeTmp/CheckSymbolExists.c:
/* */
#include <sys/mman.h>

int main(int argc, char** argv)
{
  (void)argv;
#ifndef mlock
  return ((int*)(&mlock))[argc];
#else
  (void)argc;
  return 0;
#endif
}

